<?xml version="1.0" encoding="UTF-8"?>
<!-- Generated by org.testng.reporters.JUnitReportReporter -->
<testsuite skipped="0" hostname="LAPTOP-BAD05PBO" name="inetBanking.testCases.TC_LoginTest_001" tests="1" failures="0" timestamp="2021-12-18T17:36:56 IST" time="6.075" errors="0">
  <testcase name="loginTest" time="6.075" classname="inetBanking.testCases.TC_LoginTest_001"/>
  <system-out/>
</testsuite> <!-- inetBanking.testCases.TC_LoginTest_001 -->
